Build started 1/10/2014 9:52:08 AM.
     1>Project "C:\Users\yanbo\documents\visual studio 2012\Projects\rigid_body\rigid_body\rigid_body.vcxproj" on node 2 (Build target(s)).
     1>ClCompile:
         C:\Program Files (x86)\Microsoft Visual Studio 11.0\VC\bin\CL.exe /c /ZI /nologo /W3 /WX- /sdl /Od /Oy- /D WIN32 /D _DEBUG /D _CONSOLE /D _UNICODE /D UNICODE /Gm /EHsc /RTC1 /MDd /GS /fp:precise /Zc:wchar_t /Zc:forScope /Yu"stdafx.h" /Fp"Debug\rigid_body.pch" /Fo"Debug\\" /Fd"Debug\vc110.pdb" /Gd /TP /analyze- /errorReport:prompt body_system.cpp
         body_system.cpp
     1>c:\users\yanbo\documents\visual studio 2012\projects\rigid_body\rigid_body\body_system.cpp(146): warning C4018: '<' : signed/unsigned mismatch
     1>c:\users\yanbo\documents\visual studio 2012\projects\rigid_body\rigid_body\body_system.cpp(156): warning C4018: '<' : signed/unsigned mismatch
     1>c:\users\yanbo\documents\visual studio 2012\projects\rigid_body\rigid_body\body_system.cpp(173): warning C4018: '<' : signed/unsigned mismatch
     1>c:\users\yanbo\documents\visual studio 2012\projects\rigid_body\rigid_body\body_system.cpp(188): warning C4018: '<' : signed/unsigned mismatch
     1>c:\users\yanbo\documents\visual studio 2012\projects\rigid_body\rigid_body\body_system.cpp(191): warning C4018: '<' : signed/unsigned mismatch
     1>c:\users\yanbo\documents\visual studio 2012\projects\rigid_body\rigid_body\body_system.cpp(203): warning C4018: '<' : signed/unsigned mismatch
     1>c:\users\yanbo\documents\visual studio 2012\projects\rigid_body\rigid_body\body_system.cpp(222): warning C4018: '<' : signed/unsigned mismatch
     1>c:\users\yanbo\documents\visual studio 2012\projects\rigid_body\rigid_body\body_system.cpp(228): warning C4018: '<' : signed/unsigned mismatch
     1>c:\users\yanbo\documents\visual studio 2012\projects\rigid_body\rigid_body\body_system.cpp(240): warning C4018: '<' : signed/unsigned mismatch
     1>c:\users\yanbo\documents\visual studio 2012\projects\rigid_body\rigid_body\body_system.cpp(245): warning C4018: '<' : signed/unsigned mismatch
     1>c:\users\yanbo\documents\visual studio 2012\projects\rigid_body\rigid_body\body_system.cpp(251): warning C4018: '<' : signed/unsigned mismatch
     1>c:\users\yanbo\documents\visual studio 2012\projects\rigid_body\rigid_body\body_system.cpp(257): warning C4018: '<' : signed/unsigned mismatch
     1>c:\users\yanbo\documents\visual studio 2012\projects\rigid_body\rigid_body\body_system.cpp(262): warning C4018: '<' : signed/unsigned mismatch
     1>c:\users\yanbo\documents\visual studio 2012\projects\rigid_body\rigid_body\body_system.cpp(268): warning C4018: '<' : signed/unsigned mismatch
     1>c:\users\yanbo\documents\visual studio 2012\projects\rigid_body\rigid_body\body_system.cpp(323): warning C4018: '<' : signed/unsigned mismatch
     1>c:\users\yanbo\documents\visual studio 2012\projects\rigid_body\rigid_body\body_system.cpp(358): warning C4018: '<' : signed/unsigned mismatch
     1>c:\users\yanbo\documents\visual studio 2012\projects\rigid_body\rigid_body\body_system.cpp(470): warning C4018: '<' : signed/unsigned mismatch
     1>c:\users\yanbo\documents\visual studio 2012\projects\rigid_body\rigid_body\body_system.cpp(566): warning C4018: '<' : signed/unsigned mismatch
       Link:
         C:\Program Files (x86)\Microsoft Visual Studio 11.0\VC\bin\link.exe /ERRORREPORT:PROMPT /OUT:"C:\Users\yanbo\documents\visual studio 2012\Projects\rigid_body\Debug\rigid_body.exe" /INCREMENTAL /NOLOGO kernel32.lib user32.lib gdi32.lib winspool.lib comdlg32.lib advapi32.lib shell32.lib ole32.lib oleaut32.lib uuid.lib odbc32.lib odbccp32.lib /MANIFEST /MANIFESTUAC:"level='asInvoker' uiAccess='false'" /manifest:embed /DEBUG /PDB:"C:\Users\yanbo\documents\visual studio 2012\Projects\rigid_body\Debug\rigid_body.pdb" /SUBSYSTEM:CONSOLE /TLBID:1 /DYNAMICBASE /NXCOMPAT /IMPLIB:"C:\Users\yanbo\documents\visual studio 2012\Projects\rigid_body\Debug\rigid_body.lib" /MACHINE:X86 Debug\body_system.obj
         Debug\rigid_body.obj
         Debug\stdafx.obj
         Debug\vec.obj
         rigid_body.vcxproj -> C:\Users\yanbo\documents\visual studio 2012\Projects\rigid_body\Debug\rigid_body.exe
     1>Done Building Project "C:\Users\yanbo\documents\visual studio 2012\Projects\rigid_body\rigid_body\rigid_body.vcxproj" (Build target(s)).

Build succeeded.

Time Elapsed 00:00:01.17
