C:\USERS\YANBO\DOCUMENTS\VISUAL STUDIO 2012\PROJECTS\RIGID_BODY\RIGID_BODY\DEBUG\RIGID_BODY.PCH
C:\USERS\YANBO\DOCUMENTS\VISUAL STUDIO 2012\PROJECTS\RIGID_BODY\RIGID_BODY\DEBUG\STDAFX.OBJ
C:\USERS\YANBO\DOCUMENTS\VISUAL STUDIO 2012\PROJECTS\RIGID_BODY\RIGID_BODY\DEBUG\VC110.PDB
C:\USERS\YANBO\DOCUMENTS\VISUAL STUDIO 2012\PROJECTS\RIGID_BODY\RIGID_BODY\DEBUG\BODY_SYSTEM.OBJ
C:\USERS\YANBO\DOCUMENTS\VISUAL STUDIO 2012\PROJECTS\RIGID_BODY\RIGID_BODY\DEBUG\RIGID_BODY.OBJ
C:\USERS\YANBO\DOCUMENTS\VISUAL STUDIO 2012\PROJECTS\RIGID_BODY\RIGID_BODY\DEBUG\VEC.OBJ
C:\Users\yanbo\Documents\Visual Studio 2012\Projects\rigid_body\rigid_body\Debug\body_system.obj
C:\Users\yanbo\Documents\Visual Studio 2012\Projects\rigid_body\rigid_body\Debug\rigid_body.obj
C:\Users\yanbo\Documents\Visual Studio 2012\Projects\rigid_body\rigid_body\Debug\stdafx.obj
C:\Users\yanbo\Documents\Visual Studio 2012\Projects\rigid_body\rigid_body\Debug\vec.obj
C:\Users\yanbo\Documents\Visual Studio 2012\Projects\rigid_body\rigid_body\Debug\cl.command.1.tlog
C:\Users\yanbo\Documents\Visual Studio 2012\Projects\rigid_body\rigid_body\Debug\CL.read.1.tlog
C:\Users\yanbo\Documents\Visual Studio 2012\Projects\rigid_body\rigid_body\Debug\CL.write.1.tlog
C:\Users\yanbo\Documents\Visual Studio 2012\Projects\rigid_body\rigid_body\Debug\link-cvtres.read.1.tlog
C:\Users\yanbo\Documents\Visual Studio 2012\Projects\rigid_body\rigid_body\Debug\link-cvtres.write.1.tlog
C:\Users\yanbo\Documents\Visual Studio 2012\Projects\rigid_body\rigid_body\Debug\link-rc.read.1.tlog
C:\Users\yanbo\Documents\Visual Studio 2012\Projects\rigid_body\rigid_body\Debug\link-rc.write.1.tlog
C:\Users\yanbo\Documents\Visual Studio 2012\Projects\rigid_body\rigid_body\Debug\link.command.1.tlog
C:\Users\yanbo\Documents\Visual Studio 2012\Projects\rigid_body\rigid_body\Debug\link.read.1.tlog
C:\Users\yanbo\Documents\Visual Studio 2012\Projects\rigid_body\rigid_body\Debug\link.write.1.tlog
C:\Users\yanbo\Documents\Visual Studio 2012\Projects\rigid_body\rigid_body\Debug\rigid_body.pch
C:\Users\yanbo\Documents\Visual Studio 2012\Projects\rigid_body\rigid_body\Debug\vc110.idb
C:\Users\yanbo\Documents\Visual Studio 2012\Projects\rigid_body\rigid_body\Debug\vc110.pdb
C:\Users\yanbo\Documents\Visual Studio 2012\Projects\rigid_body\Debug\rigid_body.pdb
